# JRE version: OpenJDK Runtime Environment Microsoft-8035246 (17.0.8+7) (build 17.0.8+7-LTS)
# Java VM: OpenJDK 64-Bit Server VM Microsoft-8035246 (17.0.8+7-LTS, mixed mode, sharing, tiered, compressed oops, compressed class ptrs, g1 gc, windows-amd64)
GC Precious Log:
 CPUs: 4 total, 4 available
 Memory: 16318M
 Large Page Support: Disabled
 NUMA Support: Disabled
 Compressed Oops: Enabled (32-bit)
 Heap Region Size: 1M
 Heap Min Capacity: 8M
 Heap Initial Capacity: 256M
 Heap Max Capacity: 2G
 Pre-touch: Disabled
 Parallel Workers: 4
 Concurrent Workers: 1
 Concurrent Refinement Workers: 4
 Periodic GC: Disabled
Heap:
 garbage-first heap   total 392192K, used 196006K [0x0000000080000000, 0x0000000100000000)
  region size 1024K, 58 young (59392K), 23 survivors (23552K)
 Metaspace       used 101003K, committed 102400K, reserved 557056K
  class space    used 14220K, committed 14848K, reserved 425984K
GC Heap History (20 events):
Event: 14.202 GC heap before
{Heap before GC invocations=23 (full 0):
 garbage-first heap   total 153600K, used 122880K [0x0000000080000000, 0x0000000100000000)
  region size 1024K, 52 young (53248K), 1 survivors (1024K)
 Metaspace       used 69179K, committed 69888K, reserved 491520K
  class space    used 9894K, committed 10240K, reserved 425984K
}
Event: 14.207 GC heap after
{Heap after GC invocations=24 (full 0):
 garbage-first heap   total 153600K, used 76406K [0x0000000080000000, 0x0000000100000000)
  region size 1024K, 6 young (6144K), 6 survivors (6144K)
 Metaspace       used 69179K, committed 69888K, reserved 491520K
  class space    used 9894K, committed 10240K, reserved 425984K
}
Event: 16.886 GC heap before
{Heap before GC invocations=25 (full 0):
 garbage-first heap   total 153600K, used 124534K [0x0000000080000000, 0x0000000100000000)
  region size 1024K, 53 young (54272K), 6 survivors (6144K)
 Metaspace       used 70447K, committed 71232K, reserved 491520K
  class space    used 10057K, committed 10432K, reserved 425984K
}
Event: 16.893 GC heap after
{Heap after GC invocations=26 (full 0):
 garbage-first heap   total 153600K, used 82772K [0x0000000080000000, 0x0000000100000000)
  region size 1024K, 7 young (7168K), 7 survivors (7168K)
 Metaspace       used 70447K, committed 71232K, reserved 491520K
  class space    used 10057K, committed 10432K, reserved 425984K
}
Event: 16.904 GC heap before
{Heap before GC invocations=26 (full 0):
 garbage-first heap   total 153600K, used 83796K [0x0000000080000000, 0x0000000100000000)
  region size 1024K, 8 young (8192K), 7 survivors (7168K)
 Metaspace       used 70467K, committed 71232K, reserved 491520K
  class space    used 10057K, committed 10432K, reserved 425984K
}
Event: 16.909 GC heap after
{Heap after GC invocations=27 (full 0):
 garbage-first heap   total 153600K, used 82677K [0x0000000080000000, 0x0000000100000000)
  region size 1024K, 1 young (1024K), 1 survivors (1024K)
 Metaspace       used 70467K, committed 71232K, reserved 491520K
  class space    used 10057K, committed 10432K, reserved 425984K
}
Event: 17.214 GC heap before
{Heap before GC invocations=27 (full 0):
 garbage-first heap   total 153600K, used 123637K [0x0000000080000000, 0x0000000100000000)
  region size 1024K, 42 young (43008K), 1 survivors (1024K)
 Metaspace       used 70849K, committed 71680K, reserved 491520K
  class space    used 10060K, committed 10432K, reserved 425984K
}
Event: 17.219 GC heap after
{Heap after GC invocations=28 (full 0):
 garbage-first heap   total 153600K, used 86773K [0x0000000080000000, 0x0000000100000000)
  region size 1024K, 5 young (5120K), 5 survivors (5120K)
 Metaspace       used 70849K, committed 71680K, reserved 491520K
  class space    used 10060K, committed 10432K, reserved 425984K
}
Event: 17.447 GC heap before
{Heap before GC invocations=29 (full 0):
 garbage-first heap   total 165888K, used 124661K [0x0000000080000000, 0x0000000100000000)
  region size 1024K, 43 young (44032K), 5 survivors (5120K)
 Metaspace       used 70882K, committed 71680K, reserved 491520K
  class space    used 10060K, committed 10432K, reserved 425984K
}
Event: 17.451 GC heap after
{Heap after GC invocations=30 (full 0):
 garbage-first heap   total 165888K, used 88172K [0x0000000080000000, 0x0000000100000000)
  region size 1024K, 4 young (4096K), 4 survivors (4096K)
 Metaspace       used 70882K, committed 71680K, reserved 491520K
  class space    used 10060K, committed 10432K, reserved 425984K
}
Event: 17.471 GC heap before
{Heap before GC invocations=30 (full 0):
 garbage-first heap   total 165888K, used 91244K [0x0000000080000000, 0x0000000100000000)
  region size 1024K, 8 young (8192K), 4 survivors (4096K)
 Metaspace       used 70882K, committed 71680K, reserved 491520K
  class space    used 10060K, committed 10432K, reserved 425984K
}
Event: 17.476 GC heap after
{Heap after GC invocations=31 (full 0):
 garbage-first heap   total 392192K, used 86600K [0x0000000080000000, 0x0000000100000000)
  region size 1024K, 1 young (1024K), 1 survivors (1024K)
 Metaspace       used 70882K, committed 71680K, reserved 491520K
  class space    used 10060K, committed 10432K, reserved 425984K
}
Event: 18.800 GC heap before
{Heap before GC invocations=31 (full 0):
 garbage-first heap   total 392192K, used 302664K [0x0000000080000000, 0x0000000100000000)
  region size 1024K, 201 young (205824K), 1 survivors (1024K)
 Metaspace       used 80666K, committed 81536K, reserved 557056K
  class space    used 11231K, committed 11648K, reserved 425984K
}
Event: 18.810 GC heap after
{Heap after GC invocations=32 (full 0):
 garbage-first heap   total 392192K, used 109684K [0x0000000080000000, 0x0000000100000000)
  region size 1024K, 17 young (17408K), 17 survivors (17408K)
 Metaspace       used 80666K, committed 81536K, reserved 557056K
  class space    used 11231K, committed 11648K, reserved 425984K
}
Event: 20.095 GC heap before
{Heap before GC invocations=32 (full 0):
 garbage-first heap   total 392192K, used 282740K [0x0000000080000000, 0x0000000100000000)
  region size 1024K, 186 young (190464K), 17 survivors (17408K)
 Metaspace       used 89251K, committed 90176K, reserved 557056K
  class space    used 12523K, committed 12928K, reserved 425984K
}
Event: 20.107 GC heap after
{Heap after GC invocations=33 (full 0):
 garbage-first heap   total 392192K, used 117853K [0x0000000080000000, 0x0000000100000000)
  region size 1024K, 8 young (8192K), 8 survivors (8192K)
 Metaspace       used 89251K, committed 90176K, reserved 557056K
  class space    used 12523K, committed 12928K, reserved 425984K
}
Event: 21.816 GC heap before
{Heap before GC invocations=33 (full 0):
 garbage-first heap   total 392192K, used 296029K [0x0000000080000000, 0x0000000100000000)
  region size 1024K, 182 young (186368K), 8 survivors (8192K)
 Metaspace       used 96303K, committed 97408K, reserved 557056K
  class space    used 13633K, committed 14144K, reserved 425984K
}
Event: 21.834 GC heap after
{Heap after GC invocations=34 (full 0):
 garbage-first heap   total 392192K, used 139264K [0x0000000080000000, 0x0000000100000000)
  region size 1024K, 23 young (23552K), 23 survivors (23552K)
 Metaspace       used 96303K, committed 97408K, reserved 557056K
  class space    used 13633K, committed 14144K, reserved 425984K
}
Event: 23.156 GC heap before
{Heap before GC invocations=34 (full 0):
 garbage-first heap   total 392192K, used 297984K [0x0000000080000000, 0x0000000100000000)
  region size 1024K, 179 young (183296K), 23 survivors (23552K)
 Metaspace       used 101002K, committed 102400K, reserved 557056K
  class space    used 14220K, committed 14848K, reserved 425984K
}
Event: 23.182 GC heap after
{Heap after GC invocations=35 (full 0):
 garbage-first heap   total 392192K, used 161190K [0x0000000080000000, 0x0000000100000000)
  region size 1024K, 23 young (23552K), 23 survivors (23552K)
 Metaspace       used 101002K, committed 102400K, reserved 557056K
  class space    used 14220K, committed 14848K, reserved 425984K
}

