# JRE version: OpenJDK Runtime Environment Microsoft-8035246 (17.0.8+7) (build 17.0.8+7-LTS)
# Java VM: OpenJDK 64-Bit Server VM Microsoft-8035246 (17.0.8+7-LTS, mixed mode, sharing, tiered, compressed oops, compressed class ptrs, g1 gc, windows-amd64)
GC Precious Log:
 CPUs: 4 total, 4 available
 Memory: 16318M
 Large Page Support: Disabled
 NUMA Support: Disabled
 Compressed Oops: Enabled (32-bit)
 Heap Region Size: 1M
 Heap Min Capacity: 8M
 Heap Initial Capacity: 256M
 Heap Max Capacity: 2G
 Pre-touch: Disabled
 Parallel Workers: 4
 Concurrent Workers: 1
 Concurrent Refinement Workers: 4
 Periodic GC: Disabled
Heap:
 garbage-first heap   total 398336K, used 283049K [0x0000000080000000, 0x0000000100000000)
  region size 1024K, 66 young (67584K), 5 survivors (5120K)
 Metaspace       used 109317K, committed 110848K, reserved 557056K
  class space    used 15287K, committed 16000K, reserved 425984K
GC Heap History (20 events):
Event: 50.816 GC heap before
{Heap before GC invocations=45 (full 0):
 garbage-first heap   total 284672K, used 225677K [0x0000000080000000, 0x0000000100000000)
  region size 1024K, 53 young (54272K), 5 survivors (5120K)
 Metaspace       used 99605K, committed 100864K, reserved 557056K
  class space    used 14016K, committed 14592K, reserved 425984K
}
Event: 50.824 GC heap after
{Heap after GC invocations=46 (full 0):
 garbage-first heap   total 284672K, used 187910K [0x0000000080000000, 0x0000000100000000)
  region size 1024K, 7 young (7168K), 7 survivors (7168K)
 Metaspace       used 99605K, committed 100864K, reserved 557056K
  class space    used 14016K, committed 14592K, reserved 425984K
}
Event: 51.250 GC heap before
{Heap before GC invocations=46 (full 0):
 garbage-first heap   total 284672K, used 228870K [0x0000000080000000, 0x0000000100000000)
  region size 1024K, 47 young (48128K), 7 survivors (7168K)
 Metaspace       used 101162K, committed 102528K, reserved 557056K
  class space    used 14222K, committed 14848K, reserved 425984K
}
Event: 51.260 GC heap after
{Heap after GC invocations=47 (full 0):
 garbage-first heap   total 284672K, used 194420K [0x0000000080000000, 0x0000000100000000)
  region size 1024K, 6 young (6144K), 6 survivors (6144K)
 Metaspace       used 101162K, committed 102528K, reserved 557056K
  class space    used 14222K, committed 14848K, reserved 425984K
}
Event: 51.349 GC heap before
{Heap before GC invocations=47 (full 0):
 garbage-first heap   total 284672K, used 200564K [0x0000000080000000, 0x0000000100000000)
  region size 1024K, 13 young (13312K), 6 survivors (6144K)
 Metaspace       used 101729K, committed 103040K, reserved 557056K
  class space    used 14311K, committed 14912K, reserved 425984K
}
Event: 51.354 GC heap after
{Heap after GC invocations=48 (full 0):
 garbage-first heap   total 284672K, used 195242K [0x0000000080000000, 0x0000000100000000)
  region size 1024K, 1 young (1024K), 1 survivors (1024K)
 Metaspace       used 101729K, committed 103040K, reserved 557056K
  class space    used 14311K, committed 14912K, reserved 425984K
}
Event: 52.220 GC heap before
{Heap before GC invocations=49 (full 0):
 garbage-first heap   total 331776K, used 233130K [0x0000000080000000, 0x0000000100000000)
  region size 1024K, 38 young (38912K), 1 survivors (1024K)
 Metaspace       used 104623K, committed 106112K, reserved 557056K
  class space    used 14739K, committed 15424K, reserved 425984K
}
Event: 52.227 GC heap after
{Heap after GC invocations=50 (full 0):
 garbage-first heap   total 331776K, used 197020K [0x0000000080000000, 0x0000000100000000)
  region size 1024K, 3 young (3072K), 3 survivors (3072K)
 Metaspace       used 104623K, committed 106112K, reserved 557056K
  class space    used 14739K, committed 15424K, reserved 425984K
}
Event: 52.510 GC heap before
{Heap before GC invocations=50 (full 0):
 garbage-first heap   total 331776K, used 210332K [0x0000000080000000, 0x0000000100000000)
  region size 1024K, 16 young (16384K), 3 survivors (3072K)
 Metaspace       used 105298K, committed 106688K, reserved 557056K
  class space    used 14824K, committed 15424K, reserved 425984K
}
Event: 52.528 GC heap after
{Heap after GC invocations=51 (full 0):
 garbage-first heap   total 331776K, used 190952K [0x0000000080000000, 0x0000000100000000)
  region size 1024K, 2 young (2048K), 2 survivors (2048K)
 Metaspace       used 105298K, committed 106688K, reserved 557056K
  class space    used 14824K, committed 15424K, reserved 425984K
}
Event: 53.257 GC heap before
{Heap before GC invocations=51 (full 0):
 garbage-first heap   total 331776K, used 263656K [0x0000000080000000, 0x0000000100000000)
  region size 1024K, 73 young (74752K), 2 survivors (2048K)
 Metaspace       used 107667K, committed 109056K, reserved 557056K
  class space    used 15122K, committed 15744K, reserved 425984K
}
Event: 53.271 GC heap after
{Heap after GC invocations=52 (full 0):
 garbage-first heap   total 331776K, used 201439K [0x0000000080000000, 0x0000000100000000)
  region size 1024K, 10 young (10240K), 10 survivors (10240K)
 Metaspace       used 107667K, committed 109056K, reserved 557056K
  class space    used 15122K, committed 15744K, reserved 425984K
}
Event: 53.933 GC heap before
{Heap before GC invocations=52 (full 0):
 garbage-first heap   total 331776K, used 267999K [0x0000000080000000, 0x0000000100000000)
  region size 1024K, 75 young (76800K), 10 survivors (10240K)
 Metaspace       used 108048K, committed 109440K, reserved 557056K
  class space    used 15132K, committed 15744K, reserved 425984K
}
Event: 53.945 GC heap after
{Heap after GC invocations=53 (full 0):
 garbage-first heap   total 331776K, used 207766K [0x0000000080000000, 0x0000000100000000)
  region size 1024K, 6 young (6144K), 6 survivors (6144K)
 Metaspace       used 108048K, committed 109440K, reserved 557056K
  class space    used 15132K, committed 15744K, reserved 425984K
}
Event: 54.408 GC heap before
{Heap before GC invocations=53 (full 0):
 garbage-first heap   total 331776K, used 271254K [0x0000000080000000, 0x0000000100000000)
  region size 1024K, 68 young (69632K), 6 survivors (6144K)
 Metaspace       used 108735K, committed 110272K, reserved 557056K
  class space    used 15211K, committed 15872K, reserved 425984K
}
Event: 54.421 GC heap after
{Heap after GC invocations=54 (full 0):
 garbage-first heap   total 331776K, used 214559K [0x0000000080000000, 0x0000000100000000)
  region size 1024K, 7 young (7168K), 7 survivors (7168K)
 Metaspace       used 108735K, committed 110272K, reserved 557056K
  class space    used 15211K, committed 15872K, reserved 425984K
}
Event: 54.938 GC heap before
{Heap before GC invocations=54 (full 0):
 garbage-first heap   total 331776K, used 273951K [0x0000000080000000, 0x0000000100000000)
  region size 1024K, 66 young (67584K), 7 survivors (7168K)
 Metaspace       used 109028K, committed 110528K, reserved 557056K
  class space    used 15241K, committed 15936K, reserved 425984K
}
Event: 54.952 GC heap after
{Heap after GC invocations=55 (full 0):
 garbage-first heap   total 331776K, used 219389K [0x0000000080000000, 0x0000000100000000)
  region size 1024K, 5 young (5120K), 5 survivors (5120K)
 Metaspace       used 109028K, committed 110528K, reserved 557056K
  class space    used 15241K, committed 15936K, reserved 425984K
}
Event: 55.522 GC heap before
{Heap before GC invocations=55 (full 0):
 garbage-first heap   total 331776K, used 275709K [0x0000000080000000, 0x0000000100000000)
  region size 1024K, 61 young (62464K), 5 survivors (5120K)
 Metaspace       used 109314K, committed 110848K, reserved 557056K
  class space    used 15287K, committed 16000K, reserved 425984K
}
Event: 55.533 GC heap after
{Heap after GC invocations=56 (full 0):
 garbage-first heap   total 398336K, used 221609K [0x0000000080000000, 0x0000000100000000)
  region size 1024K, 5 young (5120K), 5 survivors (5120K)
 Metaspace       used 109314K, committed 110848K, reserved 557056K
  class space    used 15287K, committed 16000K, reserved 425984K
}

