# JRE version: OpenJDK Runtime Environment Microsoft-8035246 (17.0.8+7) (build 17.0.8+7-LTS)
# Java VM: OpenJDK 64-Bit Server VM Microsoft-8035246 (17.0.8+7-LTS, mixed mode, sharing, tiered, compressed oops, compressed class ptrs, g1 gc, windows-amd64)
GC Precious Log:
 CPUs: 4 total, 4 available
 Memory: 16318M
 Large Page Support: Disabled
 NUMA Support: Disabled
 Compressed Oops: Enabled (32-bit)
 Heap Region Size: 1M
 Heap Min Capacity: 8M
 Heap Initial Capacity: 256M
 Heap Max Capacity: 2G
 Pre-touch: Disabled
 Parallel Workers: 4
 Concurrent Workers: 1
 Concurrent Refinement Workers: 4
 Periodic GC: Disabled
Heap:
 garbage-first heap   total 327680K, used 161440K [0x0000000080000000, 0x0000000100000000)
  region size 1024K, 14 young (14336K), 13 survivors (13312K)
 Metaspace       used 100873K, committed 102208K, reserved 557056K
  class space    used 14218K, committed 14848K, reserved 425984K
GC Heap History (20 events):
Event: 37.539 GC heap before
{Heap before GC invocations=32 (full 0):
 garbage-first heap   total 156672K, used 122898K [0x0000000080000000, 0x0000000100000000)
  region size 1024K, 44 young (45056K), 6 survivors (6144K)
 Metaspace       used 70903K, committed 71744K, reserved 491520K
  class space    used 10060K, committed 10432K, reserved 425984K
}
Event: 37.546 GC heap after
{Heap after GC invocations=33 (full 0):
 garbage-first heap   total 156672K, used 88884K [0x0000000080000000, 0x0000000100000000)
  region size 1024K, 4 young (4096K), 4 survivors (4096K)
 Metaspace       used 70903K, committed 71744K, reserved 491520K
  class space    used 10060K, committed 10432K, reserved 425984K
}
Event: 37.559 GC heap before
{Heap before GC invocations=33 (full 0):
 garbage-first heap   total 156672K, used 90932K [0x0000000080000000, 0x0000000100000000)
  region size 1024K, 7 young (7168K), 4 survivors (4096K)
 Metaspace       used 70903K, committed 71744K, reserved 491520K
  class space    used 10060K, committed 10432K, reserved 425984K
}
Event: 37.561 GC heap after
{Heap after GC invocations=34 (full 0):
 garbage-first heap   total 156672K, used 87614K [0x0000000080000000, 0x0000000100000000)
  region size 1024K, 1 young (1024K), 1 survivors (1024K)
 Metaspace       used 70903K, committed 71744K, reserved 491520K
  class space    used 10060K, committed 10432K, reserved 425984K
}
Event: 37.789 GC heap before
{Heap before GC invocations=34 (full 0):
 garbage-first heap   total 156672K, used 124478K [0x0000000080000000, 0x0000000100000000)
  region size 1024K, 38 young (38912K), 1 survivors (1024K)
 Metaspace       used 70912K, committed 71744K, reserved 491520K
  class space    used 10060K, committed 10432K, reserved 425984K
}
Event: 37.794 GC heap after
{Heap after GC invocations=35 (full 0):
 garbage-first heap   total 333824K, used 90137K [0x0000000080000000, 0x0000000100000000)
  region size 1024K, 4 young (4096K), 4 survivors (4096K)
 Metaspace       used 70912K, committed 71744K, reserved 491520K
  class space    used 10060K, committed 10432K, reserved 425984K
}
Event: 39.607 GC heap before
{Heap before GC invocations=36 (full 0):
 garbage-first heap   total 327680K, used 268313K [0x0000000080000000, 0x0000000100000000)
  region size 1024K, 166 young (169984K), 4 survivors (4096K)
 Metaspace       used 78476K, committed 79360K, reserved 557056K
  class space    used 10952K, committed 11392K, reserved 425984K
}
Event: 39.615 GC heap after
{Heap after GC invocations=37 (full 0):
 garbage-first heap   total 327680K, used 110184K [0x0000000080000000, 0x0000000100000000)
  region size 1024K, 16 young (16384K), 16 survivors (16384K)
 Metaspace       used 78476K, committed 79360K, reserved 557056K
  class space    used 10952K, committed 11392K, reserved 425984K
}
Event: 39.623 GC heap before
{Heap before GC invocations=37 (full 0):
 garbage-first heap   total 327680K, used 111208K [0x0000000080000000, 0x0000000100000000)
  region size 1024K, 17 young (17408K), 16 survivors (16384K)
 Metaspace       used 78518K, committed 79424K, reserved 557056K
  class space    used 10963K, committed 11392K, reserved 425984K
}
Event: 39.628 GC heap after
{Heap after GC invocations=38 (full 0):
 garbage-first heap   total 327680K, used 110067K [0x0000000080000000, 0x0000000100000000)
  region size 1024K, 2 young (2048K), 2 survivors (2048K)
 Metaspace       used 78518K, committed 79424K, reserved 557056K
  class space    used 10963K, committed 11392K, reserved 425984K
}
Event: 41.343 GC heap before
{Heap before GC invocations=38 (full 0):
 garbage-first heap   total 327680K, used 250355K [0x0000000080000000, 0x0000000100000000)
  region size 1024K, 139 young (142336K), 2 survivors (2048K)
 Metaspace       used 85228K, committed 86144K, reserved 557056K
  class space    used 11864K, committed 12288K, reserved 425984K
}
Event: 41.349 GC heap after
{Heap after GC invocations=39 (full 0):
 garbage-first heap   total 327680K, used 115451K [0x0000000080000000, 0x0000000100000000)
  region size 1024K, 8 young (8192K), 8 survivors (8192K)
 Metaspace       used 85228K, committed 86144K, reserved 557056K
  class space    used 11864K, committed 12288K, reserved 425984K
}
Event: 41.627 GC heap before
{Heap before GC invocations=39 (full 0):
 garbage-first heap   total 327680K, used 149243K [0x0000000080000000, 0x0000000100000000)
  region size 1024K, 42 young (43008K), 8 survivors (8192K)
 Metaspace       used 87246K, committed 88192K, reserved 557056K
  class space    used 12156K, committed 12608K, reserved 425984K
}
Event: 41.632 GC heap after
{Heap after GC invocations=40 (full 0):
 garbage-first heap   total 327680K, used 117235K [0x0000000080000000, 0x0000000100000000)
  region size 1024K, 9 young (9216K), 9 survivors (9216K)
 Metaspace       used 87246K, committed 88192K, reserved 557056K
  class space    used 12156K, committed 12608K, reserved 425984K
}
Event: 43.095 GC heap before
{Heap before GC invocations=41 (full 0):
 garbage-first heap   total 327680K, used 264691K [0x0000000080000000, 0x0000000100000000)
  region size 1024K, 152 young (155648K), 9 survivors (9216K)
 Metaspace       used 95146K, committed 96256K, reserved 557056K
  class space    used 13496K, committed 14016K, reserved 425984K
}
Event: 43.107 GC heap after
{Heap after GC invocations=42 (full 0):
 garbage-first heap   total 327680K, used 128076K [0x0000000080000000, 0x0000000100000000)
  region size 1024K, 19 young (19456K), 19 survivors (19456K)
 Metaspace       used 95146K, committed 96256K, reserved 557056K
  class space    used 13496K, committed 14016K, reserved 425984K
}
Event: 43.116 GC heap before
{Heap before GC invocations=42 (full 0):
 garbage-first heap   total 327680K, used 129100K [0x0000000080000000, 0x0000000100000000)
  region size 1024K, 20 young (20480K), 19 survivors (19456K)
 Metaspace       used 95187K, committed 96256K, reserved 557056K
  class space    used 13499K, committed 14016K, reserved 425984K
}
Event: 43.128 GC heap after
{Heap after GC invocations=43 (full 0):
 garbage-first heap   total 327680K, used 127841K [0x0000000080000000, 0x0000000100000000)
  region size 1024K, 2 young (2048K), 2 survivors (2048K)
 Metaspace       used 95187K, committed 96256K, reserved 557056K
  class space    used 13499K, committed 14016K, reserved 425984K
}
Event: 44.750 GC heap before
{Heap before GC invocations=43 (full 0):
 garbage-first heap   total 327680K, used 263009K [0x0000000080000000, 0x0000000100000000)
  region size 1024K, 134 young (137216K), 2 survivors (2048K)
 Metaspace       used 98531K, committed 99648K, reserved 557056K
  class space    used 13929K, committed 14464K, reserved 425984K
}
Event: 44.769 GC heap after
{Heap after GC invocations=44 (full 0):
 garbage-first heap   total 327680K, used 148480K [0x0000000080000000, 0x0000000100000000)
  region size 1024K, 17 young (17408K), 17 survivors (17408K)
 Metaspace       used 98531K, committed 99648K, reserved 557056K
  class space    used 13929K, committed 14464K, reserved 425984K
}

